This is pdfTeX, Version 3.141592653-2.6-1.40.25 (MiKTeX 24.1) (preloaded format=pdflatex 2025.8.15)  27 MAR 2026 03:08
entering extended mode
 restricted \write18 enabled.
 %&-line parsing enabled.
**./DRAFT.tex
(DRAFT.tex
LaTeX2e <2023-11-01> patch level 1
L3 programming layer <2024-01-04>
(C:\Users\mateo\AppData\Local\Programs\MiKTeX\tex/latex/base\article.cls
Document Class: article 2023/05/17 v1.4n Standard LaTeX document class
(C:\Users\mateo\AppData\Local\Programs\MiKTeX\tex/latex/base\size11.clo
File: size11.clo 2023/05/17 v1.4n Standard LaTeX file (size option)
)
\c@part=\count187
\c@section=\count188
\c@subsection=\count189
\c@subsubsection=\count190
\c@paragraph=\count191
\c@subparagraph=\count192
\c@figure=\count193
\c@table=\count194
\abovecaptionskip=\skip48
\belowcaptionskip=\skip49
\bibindent=\dimen140
)
(C:\Users\mateo\AppData\Local\Programs\MiKTeX\tex/latex/geometry\geometry.sty
Package: geometry 2020/01/02 v5.9 Page Geometry

(C:\Users\mateo\AppData\Local\Programs\MiKTeX\tex/latex/graphics\keyval.sty
Package: keyval 2022/05/29 v1.15 key=value parser (DPC)
\KV@toks@=\toks17
)
(C:\Users\mateo\AppData\Local\Programs\MiKTeX\tex/generic/iftex\ifvtex.sty
Package: ifvtex 2019/10/25 v1.7 ifvtex legacy package. Use iftex instead.

(C:\Users\mateo\AppData\Local\Programs\MiKTeX\tex/generic/iftex\iftex.sty
Package: iftex 2022/02/03 v1.0f TeX engine tests
))
\Gm@cnth=\count195
\Gm@cntv=\count196
\c@Gm@tempcnt=\count197
\Gm@bindingoffset=\dimen141
\Gm@wd@mp=\dimen142
\Gm@odd@mp=\dimen143
\Gm@even@mp=\dimen144
\Gm@layoutwidth=\dimen145
\Gm@layoutheight=\dimen146
\Gm@layouthoffset=\dimen147
\Gm@layoutvoffset=\dimen148
\Gm@dimlist=\toks18

(C:\Users\mateo\AppData\Local\Programs\MiKTeX\tex/latex/geometry\geometry.cfg))
(C:\Users\mateo\AppData\Local\Programs\MiKTeX\tex/latex/base\fontenc.sty
Package: fontenc 2021/04/29 v2.0v Standard LaTeX package
)
(C:\Users\mateo\AppData\Local\Programs\MiKTeX\tex/latex/base\inputenc.sty
Package: inputenc 2021/02/14 v1.3d Input encoding file
\inpenc@prehook=\toks19
\inpenc@posthook=\toks20
)
(C:\Users\mateo\AppData\Local\Programs\MiKTeX\tex/latex/lm\lmodern.sty
Package: lmodern 2015/05/01 v1.6.1 Latin Modern Fonts
LaTeX Font Info:    Overwriting symbol font `operators' in version `normal'
(Font)                  OT1/cmr/m/n --> OT1/lmr/m/n on input line 22.
LaTeX Font Info:    Overwriting symbol font `letters' in version `normal'
(Font)                  OML/cmm/m/it --> OML/lmm/m/it on input line 23.
LaTeX Font Info:    Overwriting symbol font `symbols' in version `normal'
(Font)                  OMS/cmsy/m/n --> OMS/lmsy/m/n on input line 24.
LaTeX Font Info:    Overwriting symbol font `largesymbols' in version `normal'
(Font)                  OMX/cmex/m/n --> OMX/lmex/m/n on input line 25.
LaTeX Font Info:    Overwriting symbol font `operators' in version `bold'
(Font)                  OT1/cmr/bx/n --> OT1/lmr/bx/n on input line 26.
LaTeX Font Info:    Overwriting symbol font `letters' in version `bold'
(Font)                  OML/cmm/b/it --> OML/lmm/b/it on input line 27.
LaTeX Font Info:    Overwriting symbol font `symbols' in version `bold'
(Font)                  OMS/cmsy/b/n --> OMS/lmsy/b/n on input line 28.
LaTeX Font Info:    Overwriting symbol font `largesymbols' in version `bold'
(Font)                  OMX/cmex/m/n --> OMX/lmex/m/n on input line 29.
LaTeX Font Info:    Overwriting math alphabet `\mathbf' in version `normal'
(Font)                  OT1/cmr/bx/n --> OT1/lmr/bx/n on input line 31.
LaTeX Font Info:    Overwriting math alphabet `\mathsf' in version `normal'
(Font)                  OT1/cmss/m/n --> OT1/lmss/m/n on input line 32.
LaTeX Font Info:    Overwriting math alphabet `\mathit' in version `normal'
(Font)                  OT1/cmr/m/it --> OT1/lmr/m/it on input line 33.
LaTeX Font Info:    Overwriting math alphabet `\mathtt' in version `normal'
(Font)                  OT1/cmtt/m/n --> OT1/lmtt/m/n on input line 34.
LaTeX Font Info:    Overwriting math alphabet `\mathbf' in version `bold'
(Font)                  OT1/cmr/bx/n --> OT1/lmr/bx/n on input line 35.
LaTeX Font Info:    Overwriting math alphabet `\mathsf' in version `bold'
(Font)                  OT1/cmss/bx/n --> OT1/lmss/bx/n on input line 36.
LaTeX Font Info:    Overwriting math alphabet `\mathit' in version `bold'
(Font)                  OT1/cmr/bx/it --> OT1/lmr/bx/it on input line 37.
LaTeX Font Info:    Overwriting math alphabet `\mathtt' in version `bold'
(Font)                  OT1/cmtt/m/n --> OT1/lmtt/m/n on input line 38.
)
(C:\Users\mateo\AppData\Local\Programs\MiKTeX\tex/latex/microtype\microtype.sty
Package: microtype 2026/03/01 v3.2d Micro-typographical refinements (RS)
(C:\Users\mateo\AppData\Local\Programs\MiKTeX\tex/latex/etoolbox\etoolbox.sty
Package: etoolbox 2020/10/05 v2.5k e-TeX tools for LaTeX (JAW)
\etb@tempcnta=\count198
)
\MT@toks=\toks21
\MT@tempbox=\box51
\MT@count=\count199
LaTeX Info: Redefining \noprotrusionifhmode on input line 1084.
LaTeX Info: Redefining \leftprotrusion on input line 1085.
\MT@prot@toks=\toks22
LaTeX Info: Redefining \rightprotrusion on input line 1104.
LaTeX Info: Redefining \textls on input line 1449.
\MT@outer@kern=\dimen149
LaTeX Info: Redefining \microtypecontext on input line 2053.
LaTeX Info: Redefining \textmicrotypecontext on input line 2070.
\MT@listname@count=\count266

(C:\Users\mateo\AppData\Local\Programs\MiKTeX\tex/latex/microtype\microtype-pdf
tex.def
File: microtype-pdftex.def 2026/03/01 v3.2d Definitions specific to pdftex (RS)

LaTeX Info: Redefining \lsstyle on input line 944.
LaTeX Info: Redefining \lslig on input line 944.
\MT@outer@space=\skip50
)
Package microtype Info: Loading configuration file microtype.cfg.

(C:\Users\mateo\AppData\Local\Programs\MiKTeX\tex/latex/microtype\microtype.cfg
File: microtype.cfg 2026/03/01 v3.2d microtype main configuration file (RS)
)
LaTeX Info: Redefining \microtypesetup on input line 3065.
)
(C:\Users\mateo\AppData\Local\Programs\MiKTeX\tex/latex/graphics\graphicx.sty
Package: graphicx 2021/09/16 v1.2d Enhanced LaTeX Graphics (DPC,SPQR)

(C:\Users\mateo\AppData\Local\Programs\MiKTeX\tex/latex/graphics\graphics.sty
Package: graphics 2022/03/10 v1.4e Standard LaTeX Graphics (DPC,SPQR)

(C:\Users\mateo\AppData\Local\Programs\MiKTeX\tex/latex/graphics\trig.sty
Package: trig 2021/08/11 v1.11 sin cos tan (DPC)
)
(C:\Users\mateo\AppData\Local\Programs\MiKTeX\tex/latex/graphics-cfg\graphics.c
fg
File: graphics.cfg 2016/06/04 v1.11 sample graphics configuration
)
Package graphics Info: Driver file: pdftex.def on input line 107.

(C:\Users\mateo\AppData\Local\Programs\MiKTeX\tex/latex/graphics-def\pdftex.def
File: pdftex.def 2022/09/22 v1.2b Graphics/color driver for pdftex
))
\Gin@req@height=\dimen150
\Gin@req@width=\dimen151
)
(C:\Users\mateo\AppData\Local\Programs\MiKTeX\tex/latex/booktabs\booktabs.sty
Package: booktabs 2020/01/12 v1.61803398 Publication quality tables
\heavyrulewidth=\dimen152
\lightrulewidth=\dimen153
\cmidrulewidth=\dimen154
\belowrulesep=\dimen155
\belowbottomsep=\dimen156
\aboverulesep=\dimen157
\abovetopsep=\dimen158
\cmidrulesep=\dimen159
\cmidrulekern=\dimen160
\defaultaddspace=\dimen161
\@cmidla=\count267
\@cmidlb=\count268
\@aboverulesep=\dimen162
\@belowrulesep=\dimen163
\@thisruleclass=\count269
\@lastruleclass=\count270
\@thisrulewidth=\dimen164
)
(C:\Users\mateo\AppData\Local\Programs\MiKTeX\tex/latex/tools\longtable.sty
Package: longtable 2023-11-01 v4.19 Multi-page Table package (DPC)
\LTleft=\skip51
\LTright=\skip52
\LTpre=\skip53
\LTpost=\skip54
\LTchunksize=\count271
\LTcapwidth=\dimen165
\LT@head=\box52
\LT@firsthead=\box53
\LT@foot=\box54
\LT@lastfoot=\box55
\LT@gbox=\box56
\LT@cols=\count272
\LT@rows=\count273
\c@LT@tables=\count274
\c@LT@chunks=\count275
\LT@p@ftn=\toks23
)
(C:\Users\mateo\AppData\Local\Programs\MiKTeX\tex/latex/tools\array.sty
Package: array 2023/10/16 v2.5g Tabular extension package (FMi)
\col@sep=\dimen166
\ar@mcellbox=\box57
\extrarowheight=\dimen167
\NC@list=\toks24
\extratabsurround=\skip55
\backup@length=\skip56
\ar@cellbox=\box58
)
(C:\Users\mateo\AppData\Local\Programs\MiKTeX\tex/latex/amsmath\amsmath.sty
Package: amsmath 2023/05/13 v2.17o AMS math features
\@mathmargin=\skip57

For additional information on amsmath, use the `?' option.
(C:\Users\mateo\AppData\Local\Programs\MiKTeX\tex/latex/amsmath\amstext.sty
Package: amstext 2021/08/26 v2.01 AMS text

(C:\Users\mateo\AppData\Local\Programs\MiKTeX\tex/latex/amsmath\amsgen.sty
File: amsgen.sty 1999/11/30 v2.0 generic functions
\@emptytoks=\toks25
\ex@=\dimen168
))
(C:\Users\mateo\AppData\Local\Programs\MiKTeX\tex/latex/amsmath\amsbsy.sty
Package: amsbsy 1999/11/29 v1.2d Bold Symbols
\pmbraise@=\dimen169
)
(C:\Users\mateo\AppData\Local\Programs\MiKTeX\tex/latex/amsmath\amsopn.sty
Package: amsopn 2022/04/08 v2.04 operator names
)
\inf@bad=\count276
LaTeX Info: Redefining \frac on input line 234.
\uproot@=\count277
\leftroot@=\count278
LaTeX Info: Redefining \overline on input line 399.
LaTeX Info: Redefining \colon on input line 410.
\classnum@=\count279
\DOTSCASE@=\count280
LaTeX Info: Redefining \ldots on input line 496.
LaTeX Info: Redefining \dots on input line 499.
LaTeX Info: Redefining \cdots on input line 620.
\Mathstrutbox@=\box59
\strutbox@=\box60
LaTeX Info: Redefining \big on input line 722.
LaTeX Info: Redefining \Big on input line 723.
LaTeX Info: Redefining \bigg on input line 724.
LaTeX Info: Redefining \Bigg on input line 725.
\big@size=\dimen170
LaTeX Font Info:    Redeclaring font encoding OML on input line 743.
LaTeX Font Info:    Redeclaring font encoding OMS on input line 744.
\macc@depth=\count281
LaTeX Info: Redefining \bmod on input line 905.
LaTeX Info: Redefining \pmod on input line 910.
LaTeX Info: Redefining \smash on input line 940.
LaTeX Info: Redefining \relbar on input line 970.
LaTeX Info: Redefining \Relbar on input line 971.
\c@MaxMatrixCols=\count282
\dotsspace@=\muskip16
\c@parentequation=\count283
\dspbrk@lvl=\count284
\tag@help=\toks26
\row@=\count285
\column@=\count286
\maxfields@=\count287
\andhelp@=\toks27
\eqnshift@=\dimen171
\alignsep@=\dimen172
\tagshift@=\dimen173
\tagwidth@=\dimen174
\totwidth@=\dimen175
\lineht@=\dimen176
\@envbody=\toks28
\multlinegap=\skip58
\multlinetaggap=\skip59
\mathdisplay@stack=\toks29
LaTeX Info: Redefining \[ on input line 2953.
LaTeX Info: Redefining \] on input line 2954.
)
(C:\Users\mateo\AppData\Local\Programs\MiKTeX\tex/latex/amsfonts\amssymb.sty
Package: amssymb 2013/01/14 v3.01 AMS font symbols

(C:\Users\mateo\AppData\Local\Programs\MiKTeX\tex/latex/amsfonts\amsfonts.sty
Package: amsfonts 2013/01/14 v3.01 Basic AMSFonts support
\symAMSa=\mathgroup4
\symAMSb=\mathgroup5
LaTeX Font Info:    Redeclaring math symbol \hbar on input line 98.
LaTeX Font Info:    Overwriting math alphabet `\mathfrak' in version `bold'
(Font)                  U/euf/m/n --> U/euf/b/n on input line 106.
)) (C:\Users\mateo\AppData\Local\Programs\MiKTeX\tex/latex/amscls\amsthm.sty
Package: amsthm 2020/05/29 v2.20.6
\thm@style=\toks30
\thm@bodyfont=\toks31
\thm@headfont=\toks32
\thm@notefont=\toks33
\thm@headpunct=\toks34
\thm@preskip=\skip60
\thm@postskip=\skip61
\thm@headsep=\skip62
\dth@everypar=\toks35
)
(C:\Users\mateo\AppData\Local\Programs\MiKTeX\tex/latex/enumitem\enumitem.sty
Package: enumitem 2025/02/06 v3.11 Customized lists
\labelindent=\skip63
\enit@outerparindent=\dimen177
\enit@toks=\toks36
\enit@inbox=\box61
\enit@count@id=\count288
\enitdp@description=\count289
)
(C:\Users\mateo\AppData\Local\Programs\MiKTeX\tex/latex/xcolor\xcolor.sty
Package: xcolor 2023/11/15 v3.01 LaTeX color extensions (UK)

(C:\Users\mateo\AppData\Local\Programs\MiKTeX\tex/latex/graphics-cfg\color.cfg
File: color.cfg 2016/01/02 v1.6 sample color configuration
)
Package xcolor Info: Driver file: pdftex.def on input line 274.
(C:\Users\mateo\AppData\Local\Programs\MiKTeX\tex/latex/graphics\mathcolor.ltx)
Package xcolor Info: Model `cmy' substituted by `cmy0' on input line 1350.
Package xcolor Info: Model `hsb' substituted by `rgb' on input line 1354.
Package xcolor Info: Model `RGB' extended on input line 1366.
Package xcolor Info: Model `HTML' substituted by `rgb' on input line 1368.
Package xcolor Info: Model `Hsb' substituted by `hsb' on input line 1369.
Package xcolor Info: Model `tHsb' substituted by `hsb' on input line 1370.
Package xcolor Info: Model `HSB' substituted by `hsb' on input line 1371.
Package xcolor Info: Model `Gray' substituted by `gray' on input line 1372.
Package xcolor Info: Model `wave' substituted by `hsb' on input line 1373.
) (C:\Users\mateo\AppData\Local\Programs\MiKTeX\tex/latex/hyperref\hyperref.sty
Package: hyperref 2023-11-26 v7.01g Hypertext links for LaTeX

(C:\Users\mateo\AppData\Local\Programs\MiKTeX\tex/generic/infwarerr\infwarerr.s
ty
Package: infwarerr 2019/12/03 v1.5 Providing info/warning/error messages (HO)
)
(C:\Users\mateo\AppData\Local\Programs\MiKTeX\tex/latex/kvsetkeys\kvsetkeys.sty
Package: kvsetkeys 2022-10-05 v1.19 Key value parser (HO)
)
(C:\Users\mateo\AppData\Local\Programs\MiKTeX\tex/generic/kvdefinekeys\kvdefine
keys.sty
Package: kvdefinekeys 2019-12-19 v1.6 Define keys (HO)
)
(C:\Users\mateo\AppData\Local\Programs\MiKTeX\tex/generic/pdfescape\pdfescape.s
ty
Package: pdfescape 2019/12/09 v1.15 Implements pdfTeX's escape features (HO)

(C:\Users\mateo\AppData\Local\Programs\MiKTeX\tex/generic/ltxcmds\ltxcmds.sty
Package: ltxcmds 2023-12-04 v1.26 LaTeX kernel commands for general use (HO)
)
(C:\Users\mateo\AppData\Local\Programs\MiKTeX\tex/generic/pdftexcmds\pdftexcmds
.sty
Package: pdftexcmds 2020-06-27 v0.33 Utility functions of pdfTeX for LuaTeX (HO
)
Package pdftexcmds Info: \pdf@primitive is available.
Package pdftexcmds Info: \pdf@ifprimitive is available.
Package pdftexcmds Info: \pdfdraftmode found.
))
(C:\Users\mateo\AppData\Local\Programs\MiKTeX\tex/latex/hycolor\hycolor.sty
Package: hycolor 2020-01-27 v1.10 Color options for hyperref/bookmark (HO)
)
(C:\Users\mateo\AppData\Local\Programs\MiKTeX\tex/latex/letltxmacro\letltxmacro
.sty
Package: letltxmacro 2019/12/03 v1.6 Let assignment for LaTeX macros (HO)
)
(C:\Users\mateo\AppData\Local\Programs\MiKTeX\tex/latex/auxhook\auxhook.sty
Package: auxhook 2019-12-17 v1.6 Hooks for auxiliary files (HO)
)
(C:\Users\mateo\AppData\Local\Programs\MiKTeX\tex/latex/hyperref\nameref.sty
Package: nameref 2023-11-26 v2.56 Cross-referencing by name of section

(C:\Users\mateo\AppData\Local\Programs\MiKTeX\tex/latex/refcount\refcount.sty
Package: refcount 2019/12/15 v3.6 Data extraction from label references (HO)
)
(C:\Users\mateo\AppData\Local\Programs\MiKTeX\tex/generic/gettitlestring\gettit
lestring.sty
Package: gettitlestring 2019/12/15 v1.6 Cleanup title references (HO)

(C:\Users\mateo\AppData\Local\Programs\MiKTeX\tex/latex/kvoptions\kvoptions.sty
Package: kvoptions 2022-06-15 v3.15 Key value format for package options (HO)
))
\c@section@level=\count290
)
\@linkdim=\dimen178
\Hy@linkcounter=\count291
\Hy@pagecounter=\count292
 (C:\Users\mateo\AppData\Local\Programs\MiKTeX\tex/latex/hyperref\pd1enc.def
File: pd1enc.def 2023-11-26 v7.01g Hyperref: PDFDocEncoding definition (HO)
Now handling font encoding PD1 ...
... no UTF-8 mapping file for font encoding PD1
) (C:\Users\mateo\AppData\Local\Programs\MiKTeX\tex/generic/intcalc\intcalc.sty
Package: intcalc 2019/12/15 v1.3 Expandable calculations with integers (HO)
)
\Hy@SavedSpaceFactor=\count293
 (C:\Users\mateo\AppData\Local\Programs\MiKTeX\tex/latex/hyperref\puenc.def
File: puenc.def 2023-11-26 v7.01g Hyperref: PDF Unicode definition (HO)
Now handling font encoding PU ...
... no UTF-8 mapping file for font encoding PU
)
Package hyperref Info: Hyper figures OFF on input line 4181.
Package hyperref Info: Link nesting OFF on input line 4186.
Package hyperref Info: Hyper index ON on input line 4189.
Package hyperref Info: Plain pages OFF on input line 4196.
Package hyperref Info: Backreferencing OFF on input line 4201.
Package hyperref Info: Implicit mode ON; LaTeX internals redefined.
Package hyperref Info: Bookmarks ON on input line 4448.
\c@Hy@tempcnt=\count294

(C:\Users\mateo\AppData\Local\Programs\MiKTeX\tex/latex/url\url.sty
\Urlmuskip=\muskip17
Package: url 2013/09/16  ver 3.4  Verb mode for urls, etc.
)
LaTeX Info: Redefining \url on input line 4786.
\XeTeXLinkMargin=\dimen179

(C:\Users\mateo\AppData\Local\Programs\MiKTeX\tex/generic/bitset\bitset.sty
Package: bitset 2019/12/09 v1.3 Handle bit-vector datatype (HO)

(C:\Users\mateo\AppData\Local\Programs\MiKTeX\tex/generic/bigintcalc\bigintcalc
.sty
Package: bigintcalc 2019/12/15 v1.5 Expandable calculations on big integers (HO
)
))
\Fld@menulength=\count295
\Field@Width=\dimen180
\Fld@charsize=\dimen181
Package hyperref Info: Hyper figures OFF on input line 6065.
Package hyperref Info: Link nesting OFF on input line 6070.
Package hyperref Info: Hyper index ON on input line 6073.
Package hyperref Info: backreferencing OFF on input line 6080.
Package hyperref Info: Link coloring OFF on input line 6085.
Package hyperref Info: Link coloring with OCG OFF on input line 6090.
Package hyperref Info: PDF/A mode OFF on input line 6095.

(C:\Users\mateo\AppData\Local\Programs\MiKTeX\tex/latex/base\atbegshi-ltx.sty
Package: atbegshi-ltx 2021/01/10 v1.0c Emulation of the original atbegshi
package with kernel methods
)
\Hy@abspage=\count296
\c@Item=\count297
\c@Hfootnote=\count298
)
Package hyperref Info: Driver (autodetected): hpdftex.
(C:\Users\mateo\AppData\Local\Programs\MiKTeX\tex/latex/hyperref\hpdftex.def
File: hpdftex.def 2023-11-26 v7.01g Hyperref driver for pdfTeX

(C:\Users\mateo\AppData\Local\Programs\MiKTeX\tex/latex/base\atveryend-ltx.sty
Package: atveryend-ltx 2020/08/19 v1.0a Emulation of the original atveryend pac
kage
with kernel methods
)
\Fld@listcount=\count299
\c@bookmark@seq@number=\count300

(C:\Users\mateo\AppData\Local\Programs\MiKTeX\tex/latex/rerunfilecheck\rerunfil
echeck.sty
Package: rerunfilecheck 2025-06-21 v1.11 Rerun checks for auxiliary files (HO)

(C:\Users\mateo\AppData\Local\Programs\MiKTeX\tex/generic/uniquecounter\uniquec
ounter.sty
Package: uniquecounter 2019/12/15 v1.4 Provide unlimited unique counter (HO)
)
Package uniquecounter Info: New unique counter `rerunfilecheck' on input line 2
84.
)
\Hy@SectionHShift=\skip64
)
(C:\Users\mateo\AppData\Local\Programs\MiKTeX\tex/latex/float\float.sty
Package: float 2001/11/08 v1.3d Float enhancements (AL)
\c@float@type=\count301
\float@exts=\toks37
\float@box=\box62
\@float@everytoks=\toks38
\@floatcapt=\box63
)
(C:\Users\mateo\AppData\Local\Programs\MiKTeX\tex/latex/caption\caption.sty
Package: caption 2023/08/05 v3.6o Customizing captions (AR)

(C:\Users\mateo\AppData\Local\Programs\MiKTeX\tex/latex/caption\caption3.sty
Package: caption3 2023/07/31 v2.4d caption3 kernel (AR)
\caption@tempdima=\dimen182
\captionmargin=\dimen183
\caption@leftmargin=\dimen184
\caption@rightmargin=\dimen185
\caption@width=\dimen186
\caption@indent=\dimen187
\caption@parindent=\dimen188
\caption@hangindent=\dimen189
Package caption Info: Standard document class detected.
)
\c@caption@flags=\count302
\c@continuedfloat=\count303
Package caption Info: float package is loaded.
Package caption Info: hyperref package is loaded.
Package caption Info: longtable package is loaded.

(C:\Users\mateo\AppData\Local\Programs\MiKTeX\tex/latex/caption\ltcaption.sty
Package: ltcaption 2021/01/08 v1.4c longtable captions (AR)
))
Package hyperref Info: Option `colorlinks' set `true' on input line 25.
\c@proposition=\count304
\c@definition=\count305
LaTeX Font Info:    Trying to load font information for T1+lmr on input line 41
.
(C:\Users\mateo\AppData\Local\Programs\MiKTeX\tex/latex/lm\t1lmr.fd
File: t1lmr.fd 2015/05/01 v1.6.1 Font defs for Latin Modern
)
(C:\Users\mateo\AppData\Local\Programs\MiKTeX\tex/latex/l3backend\l3backend-pdf
tex.def
File: l3backend-pdftex.def 2024-01-04 L3 backend support: PDF output (pdfTeX)
\l__color_backend_stack_int=\count306
\l__pdf_internal_box=\box64
)
No file DRAFT.aux.
\openout1 = `DRAFT.aux'.

LaTeX Font Info:    Checking defaults for OML/cmm/m/it on input line 41.
LaTeX Font Info:    ... okay on input line 41.
LaTeX Font Info:    Checking defaults for OMS/cmsy/m/n on input line 41.
LaTeX Font Info:    ... okay on input line 41.
LaTeX Font Info:    Checking defaults for OT1/cmr/m/n on input line 41.
LaTeX Font Info:    ... okay on input line 41.
LaTeX Font Info:    Checking defaults for T1/cmr/m/n on input line 41.
LaTeX Font Info:    ... okay on input line 41.
LaTeX Font Info:    Checking defaults for TS1/cmr/m/n on input line 41.
LaTeX Font Info:    ... okay on input line 41.
LaTeX Font Info:    Checking defaults for OMX/cmex/m/n on input line 41.
LaTeX Font Info:    ... okay on input line 41.
LaTeX Font Info:    Checking defaults for U/cmr/m/n on input line 41.
LaTeX Font Info:    ... okay on input line 41.
LaTeX Font Info:    Checking defaults for PD1/pdf/m/n on input line 41.
LaTeX Font Info:    ... okay on input line 41.
LaTeX Font Info:    Checking defaults for PU/pdf/m/n on input line 41.
LaTeX Font Info:    ... okay on input line 41.
*geometry* driver: auto-detecting
*geometry* detected driver: pdftex
*geometry* verbose mode - [ preamble ] result:
* driver: pdftex
* paper: <default>
* layout: <same size as paper>
* layoutoffset:(h,v)=(0.0pt,0.0pt)
* modes: 
* h-part:(L,W,R)=(72.26999pt, 469.75502pt, 72.26999pt)
* v-part:(T,H,B)=(72.26999pt, 650.43001pt, 72.26999pt)
* \paperwidth=614.295pt
* \paperheight=794.96999pt
* \textwidth=469.75502pt
* \textheight=650.43001pt
* \oddsidemargin=0.0pt
* \evensidemargin=0.0pt
* \topmargin=-37.0pt
* \headheight=12.0pt
* \headsep=25.0pt
* \topskip=11.0pt
* \footskip=30.0pt
* \marginparwidth=59.0pt
* \marginparsep=10.0pt
* \columnsep=10.0pt
* \skip\footins=10.0pt plus 4.0pt minus 2.0pt
* \hoffset=0.0pt
* \voffset=0.0pt
* \mag=1000
* \@twocolumnfalse
* \@twosidefalse
* \@mparswitchfalse
* \@reversemarginfalse
* (1in=72.27pt=25.4mm, 1cm=28.453pt)

LaTeX Info: Redefining \microtypecontext on input line 41.
Package microtype Info: Applying patch `item' on input line 41.
Package microtype Info: Applying patch `toc' on input line 41.
Package microtype Info: Applying patch `eqnum' on input line 41.
Package microtype Info: Applying patch `footnote' on input line 41.
Package microtype Info: Applying patch `verbatim' on input line 41.
LaTeX Info: Redefining \microtypesetup on input line 41.
Package microtype Info: Generating PDF output.
Package microtype Info: Character protrusion enabled (level 2).
Package microtype Info: Using default protrusion set `alltext'.
Package microtype Info: Automatic font expansion enabled (level 2),
(microtype)             stretch: 20, shrink: 20, step: 1, non-selected.
Package microtype Info: Using default expansion set `alltext-nott'.
Package microtype Info: Patching command `\showhyphens'.
Package microtype Info: No adjustment of tracking.
Package microtype Info: No adjustment of interword spacing.
Package microtype Info: No adjustment of character kerning.
(C:\Users\mateo\AppData\Local\Programs\MiKTeX\tex/latex/microtype\mt-cmr.cfg
File: mt-cmr.cfg 2013/05/19 v2.2 microtype config. file: Computer Modern Roman 
(RS)
)
(C:\Users\mateo\AppData\Local\Programs\MiKTeX\tex/context/base/mkii\supp-pdf.mk
ii
[Loading MPS to PDF converter (version 2006.09.02).]
\scratchcounter=\count307
\scratchdimen=\dimen190
\scratchbox=\box65
\nofMPsegments=\count308
\nofMParguments=\count309
\everyMPshowfont=\toks39
\MPscratchCnt=\count310
\MPscratchDim=\dimen191
\MPnumerator=\count311
\makeMPintoPDFobject=\count312
\everyMPtoPDFconversion=\toks40
)
(C:\Users\mateo\AppData\Local\Programs\MiKTeX\tex/latex/epstopdf-pkg\epstopdf-b
ase.sty
Package: epstopdf-base 2020-01-24 v2.11 Base part for package epstopdf
Package epstopdf-base Info: Redefining graphics rule for `.eps' on input line 4
85.

(C:\Users\mateo\AppData\Local\Programs\MiKTeX\tex/latex/00miktex\epstopdf-sys.c
fg
File: epstopdf-sys.cfg 2021/03/18 v2.0 Configuration of epstopdf for MiKTeX
))
Package hyperref Info: Link coloring ON on input line 41.
\@outlinefile=\write3
\openout3 = `DRAFT.out'.

Package caption Info: Begin \AtBeginDocument code.
Package caption Info: End \AtBeginDocument code.
LaTeX Font Info:    Trying to load font information for OT1+lmr on input line 4
3.
 (C:\Users\mateo\AppData\Local\Programs\MiKTeX\tex/latex/lm\ot1lmr.fd
File: ot1lmr.fd 2015/05/01 v1.6.1 Font defs for Latin Modern
)
LaTeX Font Info:    Trying to load font information for OML+lmm on input line 4
3.

(C:\Users\mateo\AppData\Local\Programs\MiKTeX\tex/latex/lm\omllmm.fd
File: omllmm.fd 2015/05/01 v1.6.1 Font defs for Latin Modern
)
LaTeX Font Info:    Trying to load font information for OMS+lmsy on input line 
43.

(C:\Users\mateo\AppData\Local\Programs\MiKTeX\tex/latex/lm\omslmsy.fd
File: omslmsy.fd 2015/05/01 v1.6.1 Font defs for Latin Modern
)
LaTeX Font Info:    Trying to load font information for OMX+lmex on input line 
43.

(C:\Users\mateo\AppData\Local\Programs\MiKTeX\tex/latex/lm\omxlmex.fd
File: omxlmex.fd 2015/05/01 v1.6.1 Font defs for Latin Modern
)
LaTeX Font Info:    External font `lmex10' loaded for size
(Font)              <12> on input line 43.
LaTeX Font Info:    External font `lmex10' loaded for size
(Font)              <8> on input line 43.
LaTeX Font Info:    External font `lmex10' loaded for size
(Font)              <6> on input line 43.
LaTeX Font Info:    Trying to load font information for U+msa on input line 43.


(C:\Users\mateo\AppData\Local\Programs\MiKTeX\tex/latex/amsfonts\umsa.fd
File: umsa.fd 2013/01/14 v3.01 AMS symbols A
)
(C:\Users\mateo\AppData\Local\Programs\MiKTeX\tex/latex/microtype\mt-msa.cfg
File: mt-msa.cfg 2006/02/04 v1.1 microtype config. file: AMS symbols (a) (RS)
)
LaTeX Font Info:    Trying to load font information for U+msb on input line 43.


(C:\Users\mateo\AppData\Local\Programs\MiKTeX\tex/latex/amsfonts\umsb.fd
File: umsb.fd 2013/01/14 v3.01 AMS symbols B
)
(C:\Users\mateo\AppData\Local\Programs\MiKTeX\tex/latex/microtype\mt-msb.cfg
File: mt-msb.cfg 2005/06/01 v1.0 microtype config. file: AMS symbols (b) (RS)
)
LaTeX Font Info:    External font `lmex10' loaded for size
(Font)              <10> on input line 45.
LaTeX Font Info:    External font `lmex10' loaded for size
(Font)              <7> on input line 45.
LaTeX Font Info:    External font `lmex10' loaded for size
(Font)              <5> on input line 45.
LaTeX Font Info:    Trying to load font information for T1+lmtt on input line 5
3.

(C:\Users\mateo\AppData\Local\Programs\MiKTeX\tex/latex/lm\t1lmtt.fd
File: t1lmtt.fd 2015/05/01 v1.6.1 Font defs for Latin Modern
)
Package microtype Info: Loading generic protrusion settings for font family
(microtype)             `lmtt' (encoding: T1).
(microtype)             For optimal results, create family-specific settings.
(microtype)             See the microtype manual for details.
 [1

{C:/Users/mateo/AppData/Local/MiKTeX/fonts/map/pdftex/pdftex.map}{C:/Users/mate
o/AppData/Local/Programs/MiKTeX/fonts/enc/dvips/lm/lm-ec.enc}{C:/Users/mateo/Ap
pData/Local/Programs/MiKTeX/fonts/enc/dvips/lm/lm-mathit.enc}]

LaTeX Warning: Citation `smith1980contract' on page 2 undefined on input line 7
0.

LaTeX Font Info:    External font `lmex10' loaded for size
(Font)              <10.95> on input line 70.

LaTeX Warning: Citation `lamport2002specifying' on page 2 undefined on input li
ne 70.


LaTeX Warning: Citation `ros2dds' on page 2 undefined on input line 70.


LaTeX Warning: Citation `ros2qos' on page 2 undefined on input line 70.


LaTeX Warning: Citation `ros2security' on page 2 undefined on input line 70.


LaTeX Warning: Citation `kafkaIntro' on page 2 undefined on input line 70.


LaTeX Warning: Citation `kafkaCompact' on page 2 undefined on input line 70.


LaTeX Warning: Citation `kung1981occ' on page 2 undefined on input line 70.


LaTeX Warning: Citation `gray1989leases' on page 2 undefined on input line 70.


LaTeX Warning: Citation `ladsScope' on page 2 undefined on input line 70.


LaTeX Warning: Citation `ladsIntro' on page 2 undefined on input line 70.

[2{C:/Users/mateo/AppData/Local/Programs/MiKTeX/fonts/enc/dvips/lm/lm-rm.enc}]
Overfull \hbox (103.93384pt too wide) in paragraph at lines 123--125
\T1/lmr/m/it/10.95 (-20) Scope note. \T1/lmr/m/n/10.95 (-20) The de-ter-min-ism
 prop-erty is aligned with the Lean for-mal-iza-tion in \T1/lmtt/m/n/10.95 form
al/lean/Labtrust/W2Contract.lean
 []

[3{C:/Users/mateo/AppData/Local/Programs/MiKTeX/fonts/enc/dvips/lm/lm-mathsy.en
c}]
<figures/contracts_flow.pdf, id=49, 729.92702pt x 216.48253pt>
File: figures/contracts_flow.pdf Graphic file (type pdf)
<use figures/contracts_flow.pdf>
Package pdftex.def Info: figures/contracts_flow.pdf  used on input line 143.
(pdftex.def)             Requested size: 432.17375pt x 128.17612pt.
 [4 <./figures/contracts_flow.pdf>]
LaTeX Font Info:    Trying to load font information for TS1+lmr on input line 1
86.

(C:\Users\mateo\AppData\Local\Programs\MiKTeX\tex/latex/lm\ts1lmr.fd
File: ts1lmr.fd 2015/05/01 v1.6.1 Font defs for Latin Modern
) [5{C:/Users/mateo/AppData/Local/Programs/MiKTeX/fonts/enc/dvips/lm/lm-ts1.enc
}]

LaTeX Warning: Reference `tab:summary' on page 6 undefined on input line 218.

<../../docs/figures/p1_comparator_heatmap.png, id=109, 650.43pt x 252.945pt>
File: ../../docs/figures/p1_comparator_heatmap.png Graphic file (type png)
<use ../../docs/figures/p1_comparator_heatmap.png>
Package pdftex.def Info: ../../docs/figures/p1_comparator_heatmap.png  used on 
input line 254.
(pdftex.def)             Requested size: 469.75502pt x 182.68762pt.
<../../docs/figures/p1_corpus_coverage.png, id=111, 433.62pt x 252.945pt>
File: ../../docs/figures/p1_corpus_coverage.png Graphic file (type png)
<use ../../docs/figures/p1_corpus_coverage.png>
Package pdftex.def Info: ../../docs/figures/p1_corpus_coverage.png  used on inp
ut line 265.
(pdftex.def)             Requested size: 385.20255pt x 224.71121pt.
[6]
Underfull \hbox (badness 10000) in paragraph at lines 291--291
[]\T1/lmr/m/n/10.95 (+20) Table 5: |Per-class detection-rate 95% con-fi-dence i
n-ter-vals from ar-ti-fact field
 []

<../../docs/figures/p1_latency_percentiles.png, id=122, 361.35pt x 231.264pt>
File: ../../docs/figures/p1_latency_percentiles.png Graphic file (type png)
<use ../../docs/figures/p1_latency_percentiles.png>
Package pdftex.def Info: ../../docs/figures/p1_latency_percentiles.png  used on
 input line 319.
(pdftex.def)             Requested size: 413.3867pt x 264.56824pt.
<../../docs/figures/p1_scale_throughput.png, id=123, 462.528pt x 346.896pt>
File: ../../docs/figures/p1_scale_throughput.png Graphic file (type png)
<use ../../docs/figures/p1_scale_throughput.png>
Package pdftex.def Info: ../../docs/figures/p1_scale_throughput.png  used on in
put line 334.
(pdftex.def)             Requested size: 413.3867pt x 310.05446pt.

LaTeX Warning: Reference `fig:stress' on page 7 undefined on input line 361.

[7 <../../docs/figures/p1_comparator_heatmap.png>]
<../../docs/figures/p1_stress_summary.png, id=135, 505.89pt x 682.7106pt>
File: ../../docs/figures/p1_stress_summary.png Graphic file (type png)
<use ../../docs/figures/p1_stress_summary.png>
Package pdftex.def Info: ../../docs/figures/p1_stress_summary.png  used on inpu
t line 369.
(pdftex.def)             Requested size: 469.75502pt x 633.9559pt.


LaTeX Warning: Float too large for page by 34.3259pt on input line 372.

[8 <../../docs/figures/p1_corpus_coverage.png>]
Overfull \hbox (19.54712pt too wide) in paragraph at lines 389--390
[]\T1/lmr/bx/n/10.95 (-20) Stress in-ter-pre-ta-tion scope: \T1/lmr/m/n/10.95 (
-20) async stress out-puts char-ac-ter-ize sen-si-tiv-ity un-der de-lay/skew/re
order
 []

[9 <../../docs/figures/p1_latency_percentiles.png>] [10 <../../docs/figures/p1_
scale_throughput.png>]
Overfull \hbox (41.06105pt too wide) in paragraph at lines 462--463
[]\T1/lmtt/m/n/10.95 PYTHONPATH=impl/src python scripts/contracts_eval.py --out
 datasets/runs/contracts_eval 
 []


Overfull \hbox (110.04585pt too wide) in paragraph at lines 463--464
[]\T1/lmtt/m/n/10.95 PYTHONPATH=impl/src python scripts/contracts_transport_par
ity.py --out datasets/runs/contracts_eval 
 []


Overfull \hbox (75.55345pt too wide) in paragraph at lines 464--465
[]\T1/lmtt/m/n/10.95 python scripts/export_contracts_corpus_table.py --eval dat
asets/runs/contracts_eval/eval.json 
 []


Overfull \hbox (35.31232pt too wide) in paragraph at lines 465--466
[]\T1/lmtt/m/n/10.95 python scripts/export_p1_appendix_tex.py --eval datasets/r
uns/contracts_eval/eval.json 
 []


Overfull \hbox (29.56358pt too wide) in paragraph at lines 469--470
[]\T1/lmtt/m/n/10.95 python scripts/plot_p1_paper_figures.py --eval datasets/ru
ns/contracts_eval/eval.json 
 []


Overfull \hbox (87.05092pt too wide) in paragraph at lines 470--471
[]\T1/lmtt/m/n/10.95 PYTHONPATH=impl/src python scripts/contracts_async_stress.
py --out datasets/runs/contracts_eval
 []


Overfull \hbox (75.70067pt too wide) in paragraph at lines 473--474
[]\T1/lmr/m/n/10.95 (-20) The run used for this draft should record \T1/lmtt/m/
n/10.95 run_manifest.script_version\T1/lmr/m/n/10.95 (-20) , \T1/lmtt/m/n/10.95
 run_manifest.corpus_fingerprint\T1/lmr/m/n/10.95 (-20) ,
 []


Overfull \hbox (160.62767pt too wide) in paragraph at lines 473--474
\T1/lmr/m/n/10.95 (-20) and \T1/lmtt/m/n/10.95 run_manifest.corpus_sequence_cou
nt \T1/lmr/m/n/10.95 (-20) in \T1/lmtt/m/n/10.95 eval.json\T1/lmr/m/n/10.95 (-2
0) . One-shot gen-er-a-tion: \T1/lmtt/m/n/10.95 python scripts/generate_paper_a
rtifacts.py
 []

[11] (generated_appendix_corpus.tex [12])

LaTeX Warning: Reference `tab:summary' on page 13 undefined on input line 485.


LaTeX Warning: Reference `tab:comparators' on page 13 undefined on input line 4
85.


LaTeX Warning: Reference `tab:classmetrics' on page 13 undefined on input line 
485.


LaTeX Warning: Reference `tab:classci' on page 13 undefined on input line 485.


LaTeX Warning: Reference `tab:parity' on page 13 undefined on input line 486.


LaTeX Warning: Reference `fig:heatmap' on page 13 undefined on input line 487.


LaTeX Warning: Reference `fig:coverage' on page 13 undefined on input line 487.



LaTeX Warning: Reference `fig:latency' on page 13 undefined on input line 487.


LaTeX Warning: Reference `fig:stress' on page 13 undefined on input line 487.


LaTeX Warning: Reference `fig:flow' on page 13 undefined on input line 488.


LaTeX Warning: Reference `fig:scale' on page 13 undefined on input line 489.

LaTeX Font Info:    Font shape `T1/lmtt/bx/n' in size <10.95> not available
(Font)              Font shape `T1/lmtt/b/n' tried instead on input line 494.

Overfull \hbox (67.17172pt too wide) in paragraph at lines 494--495
 []\T1/lmtt/b/n/10.95 eval.json \T1/lmr/bx/n/10.95 (-20) (key fields).[] \T1/lm
tt/m/n/10.95 run_manifest{script_version, corpus_fingerprint, corpus_sequence_c
ount}\T1/lmr/m/n/10.95 (-20) ,
 []


Overfull \hbox (37.22723pt too wide) in paragraph at lines 494--495
\T1/lmtt/m/n/10.95 sequences[]\T1/lmr/m/n/10.95 (-20) , \T1/lmtt/m/n/10.95 abla
tion\T1/lmr/m/n/10.95 (-20) , \T1/lmtt/m/n/10.95 ablation_by_class\T1/lmr/m/n/1
0.95 (-20) , \T1/lmtt/m/n/10.95 detection_metrics_by_class\T1/lmr/m/n/10.95 (-2
0) , \T1/lmtt/m/n/10.95 latency_percentiles_us\T1/lmr/m/n/10.95 (-20) ,
 []


Overfull \hbox (279.09009pt too wide) in paragraph at lines 497--498
 []\T1/lmtt/b/n/10.95 transport_parity.json \T1/lmr/bx/n/10.95 (-20) (key field
s).[] \T1/lmtt/m/n/10.95 parity_ok_all\T1/lmr/m/n/10.95 (-20) , \T1/lmtt/m/n/10
.95 per_sequence[]\T1/lmr/m/n/10.95 (-20) , \T1/lmtt/m/n/10.95 parity_confidenc
e{matching_events,total_events_checked,parity_rate}\T1/lmr/m/n/10.95 (-20) . 
 []


Overfull \hbox (141.814pt too wide) in paragraph at lines 500--501
 []\T1/lmtt/b/n/10.95 stress_results.json \T1/lmr/bx/n/10.95 (-20) (key fields)
.[] \T1/lmtt/m/n/10.95 stress_sweep\T1/lmr/m/n/10.95 (-20) , \T1/lmtt/m/n/10.95
 results[]{sequence,stress_profile,detection_ok,latency_stats}\T1/lmr/m/n/10.95
 (-20) ,
 []

[13] [14] [15 <../../docs/figures/p1_stress_summary.png>] (DRAFT.aux)
 ***********
LaTeX2e <2023-11-01> patch level 1
L3 programming layer <2024-01-04>
 ***********


LaTeX Warning: There were undefined references.


LaTeX Warning: Label(s) may have changed. Rerun to get cross-references right.


Package rerunfilecheck Warning: File `DRAFT.out' has changed.
(rerunfilecheck)                Rerun to get outlines right
(rerunfilecheck)                or use package `bookmark'.

Package rerunfilecheck Info: Checksums for `DRAFT.out':
(rerunfilecheck)             Before: <no file>
(rerunfilecheck)             After:  CB213E1465D11B202536420832AD6357;5280.
 ) 
Here is how much of TeX's memory you used:
 15483 strings out of 474485
 250481 string characters out of 5743733
 1949542 words of memory out of 5000000
 37229 multiletter control sequences out of 15000+600000
 643458 words of font info for 201 fonts, out of 8000000 for 9000
 1141 hyphenation exceptions out of 8191
 75i,9n,79p,1691b,604s stack positions out of 10000i,1000n,20000p,200000b,200000s
<C:/Users/mateo/AppData/Local/Programs/MiKTeX/fonts/type1/public/lm/lmbx10.pf
b><C:/Users/mateo/AppData/Local/Programs/MiKTeX/fonts/type1/public/lm/lmbx12.pf
b><C:/Users/mateo/AppData/Local/Programs/MiKTeX/fonts/type1/public/lm/lmmi10.pf
b><C:/Users/mateo/AppData/Local/Programs/MiKTeX/fonts/type1/public/lm/lmmi8.pfb
><C:/Users/mateo/AppData/Local/Programs/MiKTeX/fonts/type1/public/lm/lmr10.pfb>
<C:/Users/mateo/AppData/Local/Programs/MiKTeX/fonts/type1/public/lm/lmr12.pfb><
C:/Users/mateo/AppData/Local/Programs/MiKTeX/fonts/type1/public/lm/lmri10.pfb><
C:/Users/mateo/AppData/Local/Programs/MiKTeX/fonts/type1/public/lm/lmsy10.pfb><
C:/Users/mateo/AppData/Local/Programs/MiKTeX/fonts/type1/public/lm/lmtk10.pfb><
C:/Users/mateo/AppData/Local/Programs/MiKTeX/fonts/type1/public/lm/lmtt10.pfb><
C:/Users/mateo/AppData/Local/Programs/MiKTeX/fonts/type1/public/lm/lmtti10.pfb>

Output written on DRAFT.pdf (15 pages, 531234 bytes).
PDF statistics:
 294 PDF objects out of 1000 (max. 8388607)
 102 named destinations out of 1000 (max. 500000)
 47647 words of extra memory for PDF output out of 51595 (max. 10000000)

