\BOOKMARK [1][-]{section.1}{\376\377\000I\000n\000t\000r\000o\000d\000u\000c\000t\000i\000o\000n}{}% 1
\BOOKMARK [1][-]{section.2}{\376\377\000R\000e\000l\000a\000t\000e\000d\000\040\000w\000o\000r\000k\000\040\000a\000n\000d\000\040\000p\000o\000s\000i\000t\000i\000o\000n\000i\000n\000g}{}% 2
\BOOKMARK [1][-]{section.3}{\376\377\000P\000r\000o\000b\000l\000e\000m\000\040\000s\000e\000t\000t\000i\000n\000g\000\040\000a\000n\000d\000\040\000f\000a\000i\000l\000u\000r\000e\000\040\000m\000o\000d\000e\000l}{}% 3
\BOOKMARK [1][-]{section.4}{\376\377\000C\000o\000n\000t\000r\000a\000c\000t\000\040\000m\000o\000d\000e\000l\000\040\000a\000n\000d\000\040\000v\000a\000l\000i\000d\000a\000t\000o\000r\000\040\000s\000e\000m\000a\000n\000t\000i\000c\000s}{}% 4
\BOOKMARK [1][-]{section.5}{\376\377\000R\000e\000f\000e\000r\000e\000n\000c\000e\000\040\000i\000m\000p\000l\000e\000m\000e\000n\000t\000a\000t\000i\000o\000n\000\040\000a\000n\000d\000\040\000i\000n\000t\000e\000r\000o\000p\000e\000r\000a\000b\000i\000l\000i\000t\000y\000\040\000b\000o\000u\000n\000d\000a\000r\000y}{}% 5
\BOOKMARK [1][-]{section.6}{\376\377\000E\000x\000p\000e\000r\000i\000m\000e\000n\000t\000a\000l\000\040\000m\000e\000t\000h\000o\000d\000o\000l\000o\000g\000y}{}% 6
\BOOKMARK [2][-]{subsection.6.1}{\376\377\000B\000e\000n\000c\000h\000m\000a\000r\000k\000\040\000c\000o\000r\000p\000u\000s\000\040\000a\000n\000d\000\040\000m\000e\000t\000r\000i\000c\000s}{section.6}% 7
\BOOKMARK [2][-]{subsection.6.2}{\376\377\000G\000r\000o\000u\000n\000d\000\040\000t\000r\000u\000t\000h\000\040\000a\000n\000d\000\040\000l\000a\000b\000e\000l\000i\000n\000g}{section.6}% 8
\BOOKMARK [2][-]{subsection.6.3}{\376\377\000F\000a\000i\000l\000u\000r\000e\000-\000c\000l\000a\000s\000s\000\040\000i\000n\000f\000e\000r\000e\000n\000c\000e\000\040\000a\000n\000d\000\040\000u\000n\000i\000t\000s\000\040\000o\000f\000\040\000a\000n\000a\000l\000y\000s\000i\000s}{section.6}% 9
\BOOKMARK [2][-]{subsection.6.4}{\376\377\000C\000o\000m\000p\000a\000r\000a\000t\000o\000r\000\040\000p\000o\000l\000i\000c\000i\000e\000s}{section.6}% 10
\BOOKMARK [1][-]{section.7}{\376\377\000R\000e\000s\000u\000l\000t\000s}{}% 11
\BOOKMARK [2][-]{subsection.7.1}{\376\377\000R\000Q\0001\000:\000\040\000E\000x\000a\000c\000t\000\040\000m\000a\000t\000c\000h\000\040\000o\000n\000\040\000t\000h\000e\000\040\000b\000e\000n\000c\000h\000m\000a\000r\000k}{section.7}% 12
\BOOKMARK [2][-]{subsection.7.2}{\376\377\000R\000Q\0002\000:\000\040\000S\000t\000r\000u\000c\000t\000u\000r\000a\000l\000\040\000f\000a\000i\000l\000u\000r\000e\000\040\000o\000f\000\040\000w\000e\000a\000k\000e\000r\000\040\000p\000o\000l\000i\000c\000i\000e\000s}{section.7}% 13
\BOOKMARK [2][-]{subsection.7.3}{\376\377\000R\000Q\0003\000:\000\040\000C\000l\000a\000s\000s\000-\000l\000e\000v\000e\000l\000\040\000d\000i\000a\000g\000n\000o\000s\000t\000i\000c\000s}{section.7}% 14
\BOOKMARK [2][-]{subsection.7.4}{\376\377\000R\000Q\0004\000:\000\040\000O\000v\000e\000r\000h\000e\000a\000d\000\040\000a\000n\000d\000\040\000s\000c\000a\000l\000e}{section.7}% 15
\BOOKMARK [2][-]{subsection.7.5}{\376\377\000R\000Q\0005\000:\000\040\000T\000r\000a\000n\000s\000p\000o\000r\000t\000-\000b\000o\000u\000n\000d\000a\000r\000y\000\040\000p\000a\000r\000i\000t\000y}{section.7}% 16
\BOOKMARK [2][-]{subsection.7.6}{\376\377\000R\000Q\0006\000:\000\040\000A\000s\000y\000n\000c\000\040\000s\000t\000r\000e\000s\000s\000\040\000c\000h\000a\000r\000a\000c\000t\000e\000r\000i\000z\000a\000t\000i\000o\000n}{section.7}% 17
\BOOKMARK [1][-]{section.8}{\376\377\000D\000i\000s\000c\000u\000s\000s\000i\000o\000n}{}% 18
\BOOKMARK [1][-]{section.9}{\376\377\000L\000i\000m\000i\000t\000a\000t\000i\000o\000n\000s\000\040\000a\000n\000d\000\040\000t\000h\000r\000e\000a\000t\000s\000\040\000t\000o\000\040\000v\000a\000l\000i\000d\000i\000t\000y}{}% 19
\BOOKMARK [1][-]{section.10}{\376\377\000C\000o\000n\000c\000l\000u\000s\000i\000o\000n}{}% 20
\BOOKMARK [1][-]{appendix.A}{\376\377\000R\000e\000p\000r\000o\000d\000u\000c\000i\000b\000i\000l\000i\000t\000y\000\040\000b\000l\000o\000c\000k}{}% 21
\BOOKMARK [1][-]{appendix.B}{\376\377\000F\000u\000l\000l\000\040\000p\000e\000r\000-\000s\000e\000q\000u\000e\000n\000c\000e\000\040\000c\000o\000r\000p\000u\000s\000\040\000s\000u\000m\000m\000a\000r\000y}{}% 22
\BOOKMARK [1][-]{appendix.C}{\376\377\000H\000o\000w\000\040\000t\000o\000\040\000r\000e\000g\000e\000n\000e\000r\000a\000t\000e\000\040\000m\000a\000i\000n\000-\000t\000e\000x\000t\000\040\000n\000u\000m\000b\000e\000r\000s}{}% 23
\BOOKMARK [1][-]{appendix.D}{\376\377\000A\000r\000t\000i\000f\000a\000c\000t\000\040\000s\000c\000h\000e\000m\000a\000\040\000s\000n\000i\000p\000p\000e\000t\000s}{}% 24
\BOOKMARK [1][-]{appendix.E}{\376\377\000P\000r\000o\000x\000y\000\040\000c\000o\000m\000p\000a\000r\000a\000t\000o\000r\000\040\000l\000i\000m\000i\000t\000s}{}% 25
\BOOKMARK [1][-]{appendix.F}{\376\377\000T\000h\000r\000e\000a\000t\000s\000-\000t\000o\000-\000r\000e\000p\000r\000o\000d\000u\000c\000i\000b\000i\000l\000i\000t\000y\000\040\000c\000h\000e\000c\000k\000l\000i\000s\000t}{}% 26
\BOOKMARK [1][-]{appendix.G}{\376\377\000R\000e\000v\000i\000e\000w\000e\000r\000-\000o\000b\000j\000e\000c\000t\000i\000o\000n\000\040\000m\000a\000p}{}% 27
