python : Traceback (most recent call last):
At C:\Users\mateo\AppData\Local\Temp\ps-script-1d08d59d-f400-4e28-abd3-10c475210408.ps1:105 char:102
+ ... R="kernel"; python scripts/run_paper_experiments.py --paper P5 2>&1 | ...
+                 ~~~~~~~~~~~~~~~~~~~~~~~~~~~~~~~~~~~~~~~~~~~~~~~~~~~~~~~
    + CategoryInfo          : NotSpecified: (Traceback (most recent call last)::String) [], RemoteException
    + FullyQualifiedErrorId : NativeCommandError
 
  File "C:\Users\mateo\labtrust-portfolio\scripts\generate_multiscenario_runs.py", line 307, in <module>
    )
    
  File "C:\Users\mateo\labtrust-portfolio\scripts\generate_multiscenario_runs.py", line 288, in main
    run_thin_slice(
    ~~~~~~~~~~~~~~^
        run_dir,
        ^^^^^^^^
    ...<9 lines>...
        fault_setting_label=s["label"],
        ^^^^^^^^^^^^^^^^^^^^^^^^^^^^^^^
    )
    ^
  File "C:\Users\mateo\labtrust-portfolio\impl\src\labtrust_portfolio\thinslice.py", line 550, in run_thin_slice
    conformance_path = write_conformance_artifact(out_dir)
  File "C:\Users\mateo\labtrust-portfolio\impl\src\labtrust_portfolio\conformance.py", line 142, in 
write_conformance_artifact
    out_path.write_text(
    ~~~~~~~~~~~~~~~~~~~^
        json.dumps(result.to_dict(), indent=2) + "\n",
        ^^^^^^^^^^^^^^^^^^^^^^^^^^^^^^^^^^^^^^^^^^^^^^
        encoding="utf-8",
        ^^^^^^^^^^^^^^^^^
    )
    ^
  File "C:\Users\mateo\miniconda3\Lib\pathlib\_local.py", line 555, in write_text
    return PathBase.write_text(self, data, encoding, errors, newline)
           ~~~~~~~~~~~~~~~~~~~^^^^^^^^^^^^^^^^^^^^^^^^^^^^^^^^^^^^^^^
  File "C:\Users\mateo\miniconda3\Lib\pathlib\_abc.py", line 651, in write_text
    with self.open(mode='w', encoding=encoding, errors=errors, newline=newline) as f:
         ~~~~~~~~~^^^^^^^^^^^^^^^^^^^^^^^^^^^^^^^^^^^^^^^^^^^^^^^^^^^^^^^^^^^^^
  File "C:\Users\mateo\miniconda3\Lib\pathlib\_local.py", line 537, in open
    return io.open(self, mode, buffering, encoding, errors, newline)
           ~~~~~~~^^^^^^^^^^^^^^^^^^^^^^^^^^^^^^^^^^^^^^^^^^^^^^^^^^
FileNotFoundError: [Errno 2] No such file or directory: 'C:\\Users\\mateo\\labtrust-portfolio\\datasets\\runs\\multisce
nario_runs\\traffic_v0\\drop_005\\blackboard\\agents_2\\seed_7\\conformance.json'

--- P5 Generate multi-scenario runs (coordination grid) ---
C:\Users\mateo\miniconda3\python.exe C:\Users\mateo\labtrust-portfolio\scripts\generate_multiscenario_runs.py --out C:\Users\mateo\labtrust-portfolio\datasets\runs\multiscenario_runs --seeds 30 --coordination-grid --clean --profile real_world --agent-counts 1,2,4,8 --fault-settings no_drop,drop_005
FAILED exit 1: P5 Generate multi-scenario runs (coordination grid)

Failed: P5
